C51 COMPILER V9.60.0.0   9_7_SEGMENT_NORMALFLOW                                            05/11/2020 12:05:11 PAGE 1   


C51 COMPILER V9.60.0.0, COMPILATION OF MODULE 9_7_SEGMENT_NORMALFLOW
OBJECT MODULE PLACED IN .\Objects\9_7_Segment_Normalflow.obj
COMPILER INVOKED BY: C:\Keil_v5\C51\BIN\C51.EXE 9_7_Segment_Normalflow.c OPTIMIZE(8,SPEED) BROWSE DEBUG OBJECTEXTEND PRI
                    -NT(.\Listings\9_7_Segment_Normalflow.lst) TABS(2) OBJECT(.\Objects\9_7_Segment_Normalflow.obj)

line level    source

   1          /*  Author    :   L.Boaz
   2              Email id  :   laxsam89@gmail.com
   3              phone     :   +91 95972 91816
   4              hackster  :   https://www.hackster.io/boaz */
   5          
   6          #include<reg51.h>
   7          void main(void)
   8          {
   9   1        while(1)
  10   1        {
  11   2        unsigned int i;
  12   2          P2 = 0x00;                //  Null
  13   2        for(i=0;i<40000;i++);       //  Delay between the next pass
  14   2          P2 = 0x06;                //  1
  15   2          for(i=0;i<40000;i++);
  16   2          P2 = 0x5b;                //  2
  17   2          for(i=0;i<40000;i++);
  18   2          P2 = 0x4F;                //  3
  19   2          for(i=0;i<40000;i++);
  20   2          P2 = 0x66;                //  4
  21   2          for(i=0;i<40000;i++);   
  22   2          P2 = 0x6D;                //  5
  23   2          for(i=0;i<40000;i++); 
  24   2          P2 = 0x7D;                //  6
  25   2          for(i=0;i<40000;i++);
  26   2          P2 = 0x07;                //  7
  27   2          for(i=0;i<40000;i++);
  28   2          P2 = 0x7F;                //  8
  29   2          for(i=0;i<40000;i++);
  30   2          P2 = 0x6F;                //  9
  31   2          for(i=0;i<40000;i++);
  32   2          P2 = 0x77;                //  A
  33   2          for(i=0;i<40000;i++);
  34   2          P2 = 0x7C;                //  B
  35   2          for(i=0;i<40000;i++);
  36   2          P2 = 0x39;                //  C
  37   2          for(i=0;i<40000;i++);
  38   2          P2 = 0x5E;                //  D
  39   2          for(i=0;i<40000;i++);
  40   2          P2 = 0x79;                //  E
  41   2          for(i=0;i<40000;i++);
  42   2          P2 = 0x71;                //  F
  43   2          for(i=0;i<40000;i++);
  44   2        }
  45   1        }


MODULE INFORMATION:   STATIC OVERLAYABLE
   CODE SIZE        =    594    ----
   CONSTANT SIZE    =   ----    ----
   XDATA SIZE       =   ----    ----
   PDATA SIZE       =   ----    ----
   DATA SIZE        =   ----       2
   IDATA SIZE       =   ----    ----
C51 COMPILER V9.60.0.0   9_7_SEGMENT_NORMALFLOW                                            05/11/2020 12:05:11 PAGE 2   

   BIT SIZE         =   ----    ----
END OF MODULE INFORMATION.


C51 COMPILATION COMPLETE.  0 WARNING(S),  0 ERROR(S)
